<?xml version="1.0" encoding="UTF-8"?>
<testng-results skipped="0" failed="0" ignored="0" total="1" passed="1">
  <reporter-output>
  </reporter-output>
  <suite name="All Test Suite" duration-ms="1168" started-at="2022-03-18T23:25:33 EET" finished-at="2022-03-18T23:25:34 EET">
    <groups>
    </groups>
    <test name="D:/Automation/AutomationTestSolution" duration-ms="1168" started-at="2022-03-18T23:25:33 EET" finished-at="2022-03-18T23:25:34 EET">
      <class name="api.ExampleTests">
        <test-method status="PASS" signature="exampleTest1()[pri:0, instance:api.ExampleTests@1991f767]" name="exampleTest1" duration-ms="1022" started-at="2022-03-18T23:25:33 EET" finished-at="2022-03-18T23:25:34 EET">
          <reporter-output>
          </reporter-output>
        </test-method> <!-- exampleTest1 -->
      </class> <!-- api.ExampleTests -->
    </test> <!-- D:/Automation/AutomationTestSolution -->
  </suite> <!-- All Test Suite -->
</testng-results>
